 Could not find data system function 'TRADE_ROUTE'
 Failed converting statement for 'TRADE_ROUTE'
 gui/market_detailed_trade_routes_panel.gui:77 - Failed parsing data statement 'TRADE_ROUTE' for property 'datamodel'(1002)
 

 Failed to find type 'POP_Need' in 'POP_Need'.
 Could not find promote for 'POP_Need' in 'POP_Need'.
 Failed converting statement for 'POP_Need'
 gui/pops_overview.gui:395 - Failed converting property 'datacontext'(897)
 gui/pops_overview.gui:1286 - Failed parsing data statement 'Pop_need' for property 'datamodel'(1002)
 Failed to find type 'Pop_need' in 'Pop_need.GetPop'.
 Could not find promote for 'Pop_need' in 'Pop_need.GetPop'.
 Failed converting statement for 'Pop_need.GetPop'
 gui/pops_overview.gui:1300 - Failed converting property 'datacontext'(897)
 Failed to find type 'Pop_need' in 'Pop_need.GetPop.GetPopType.GetNameNoIcon'.
 Could not find promote for 'Pop_need' in 'Pop_need.GetPop.GetPopType.GetNameNoIcon'.
 Failed converting statement for 'Pop_need.GetPop.GetPopType.GetNameNoIcon'
 Failed to find type 'Pop_need' in 'Pop_need.GetPop.GetTotalPopSize'.
 Could not find promote for 'Pop_need' in 'Pop_need.GetPop.GetTotalPopSize'.
 Failed converting statement for 'Pop_need.GetPop.GetTotalPopSize'
 Failed to find type 'Pop_need' in 'Pop_need.GetPop.GetPopType.GetTexture'.
 Could not find promote for 'Pop_need' in 'Pop_need.GetPop.GetPopType.GetTexture'.
 Failed converting statement for 'Pop_need.GetPop.GetPopType.GetTexture'
 gui/pops_overview.gui:1360 - Failed parsing data statement 'Pop_need.GetPop.GetPopType.GetTexture' for property 'texture'(415) 